<?xml version="1.0" encoding="UTF-8"?>
<!-- Generated by org.testng.reporters.JUnitXMLReporter -->
<testsuite ignored="0" hostname="InuKabu" failures="0" tests="2" name="chromTest" time="2.293" errors="0" timestamp="2021-03-17T15:34:17 CDT">
  <testcase classname="tesNg.testNgItestListnerPractice" name="@BeforeTest statusReport" time="0.019">
    <failure type="java.lang.NoClassDefFoundError" message="freemarker/template/TemplateModelException">
      <![CDATA[java.lang.NoClassDefFoundError: freemarker/template/TemplateModelException
at com.relevantcodes.extentreports.ExtentReports.<init>(ExtentReports.java:86)
at com.relevantcodes.extentreports.ExtentReports.<init>(ExtentReports.java:420)
at tesNg.testNgItestListnerPractice.statusReport(testNgItestListnerPractice.java:22)
Caused by: java.lang.ClassNotFoundException: freemarker.template.TemplateModelException
at java.base/jdk.internal.loader.BuiltinClassLoader.loadClass(BuiltinClassLoader.java:606)
at java.base/jdk.internal.loader.ClassLoaders$AppClassLoader.loadClass(ClassLoaders.java:168)
at java.base/java.lang.ClassLoader.loadClass(ClassLoader.java:522)
... 27 more
... Removed 24 stack frames]]>
    </failure>
  </testcase> <!-- @BeforeTest statusReport -->
  <testcase classname="tesNg.testNgItestListnerPractice" name="testNgOPenTheBrower" time="0.0">
    <skipped/>
  </testcase> <!-- testNgOPenTheBrower -->
  <testcase classname="tesNg.testNgItestListnerPractice" name="testNgCloseTheBrower" time="0.0">
    <skipped/>
  </testcase> <!-- testNgCloseTheBrower -->
</testsuite> <!-- chromTest -->
